TN:
SF:src/app.ts
FNF:0
FNH:0
DA:1,1
DA:2,1
DA:3,1
DA:4,1
DA:5,1
DA:6,1
DA:7,1
DA:8,1
DA:9,1
DA:10,1
DA:11,1
DA:12,1
DA:13,1
DA:14,2
DA:15,1
DA:16,1
DA:17,1
LF:17
LH:17
BRDA:13,0,0,2
BRF:1
BRH:1
end_of_record
TN:
SF:src/index.ts
FNF:0
FNH:0
DA:1,1
DA:2,1
DA:3,1
DA:4,1
DA:5,1
DA:6,1
DA:7,1
DA:8,1
DA:9,1
DA:10,1
DA:11,1
DA:12,1
DA:13,1
DA:14,1
LF:14
LH:14
BRDA:12,0,0,0
BRDA:8,1,0,1
BRF:2
BRH:1
end_of_record
TN:
SF:src/components/auth/auth.http.ts
FN:13,loginUser
FNF:1
FNH:1
FNDA:3,loginUser
DA:1,1
DA:2,1
DA:3,1
DA:4,1
DA:5,1
DA:6,1
DA:7,1
DA:8,1
DA:9,1
DA:10,1
DA:11,1
DA:12,1
DA:13,1
DA:14,3
DA:15,1
DA:16,3
DA:17,2
DA:18,2
DA:19,2
DA:20,1
DA:21,1
DA:22,1
DA:23,1
LF:23
LH:23
BRDA:13,0,0,3
BRDA:14,1,0,1
BRDA:14,2,0,1
BRDA:16,3,0,2
BRDA:19,4,0,1
BRDA:22,5,0,1
BRF:6
BRH:6
end_of_record
TN:
SF:src/components/auth/auth.route.ts
FNF:0
FNH:0
DA:1,1
DA:2,1
DA:3,1
DA:4,1
DA:5,1
DA:6,1
DA:7,1
DA:8,1
LF:8
LH:8
BRF:0
BRH:0
end_of_record
